\BOOKMARK [1][-]{section.1}{Introduction}{}% 1
\BOOKMARK [1][-]{section.2}{Part 1: Workload generation}{}% 2
\BOOKMARK [2][-]{subsection.2.1}{Active Periods}{section.2}% 3
\BOOKMARK [2][-]{subsection.2.2}{High Utilization}{section.2}% 4
\BOOKMARK [2][-]{subsection.2.3}{Low Utilization}{section.2}% 5
\BOOKMARK [2][-]{subsection.2.4}{Normal distribution}{section.2}% 6
\BOOKMARK [2][-]{subsection.2.5}{Exponential distribution}{section.2}% 7
\BOOKMARK [2][-]{subsection.2.6}{Tri-modal distribution}{section.2}% 8
\BOOKMARK [1][-]{section.3}{Part 2: The Timeout Policy}{}% 9
\BOOKMARK [2][-]{subsection.3.1}{Introduction}{section.3}% 10
\BOOKMARK [2][-]{subsection.3.2}{Case \0431: Timeout Policy w/ Idle state only PSM}{section.3}% 11
\BOOKMARK [3][-]{subsubsection.3.2.1}{The PSM}{subsection.3.2}% 12
\BOOKMARK [3][-]{subsubsection.3.2.2}{Sweeping the Timout parameter - Python Script}{subsection.3.2}% 13
\BOOKMARK [3][-]{subsubsection.3.2.3}{Workload profile \0431 - High Utilization}{subsection.3.2}% 14
\BOOKMARK [3][-]{subsubsection.3.2.4}{Workload profile \0432 - Low Utilization}{subsection.3.2}% 15
\BOOKMARK [3][-]{subsubsection.3.2.5}{Workload profile \0433 - Normal Distribution of Idle times}{subsection.3.2}% 16
\BOOKMARK [3][-]{subsubsection.3.2.6}{Workload profile \0434 - Exponential Distribution of Idle times}{subsection.3.2}% 17
\BOOKMARK [3][-]{subsubsection.3.2.7}{Workload profile \0435 - Tri-modal Distribution of Idle times}{subsection.3.2}% 18
\BOOKMARK [2][-]{subsection.3.3}{Case \0432: Timeout Policy w/ Idle + Sleep states PSM}{section.3}% 19
\BOOKMARK [3][-]{subsubsection.3.3.1}{The PSM}{subsection.3.3}% 20
\BOOKMARK [3][-]{subsubsection.3.3.2}{The modified dpm\137simulator}{subsection.3.3}% 21
\BOOKMARK [3][-]{subsubsection.3.3.3}{Sweeping the Sleep Timout parameter - Python Script}{subsection.3.3}% 22
\BOOKMARK [3][-]{subsubsection.3.3.4}{Workload profile \0431 - High Utilization}{subsection.3.3}% 23
\BOOKMARK [3][-]{subsubsection.3.3.5}{Workload profile \0432 - Low Utilization}{subsection.3.3}% 24
\BOOKMARK [3][-]{subsubsection.3.3.6}{Workload profile \0433 - Normal distribution of Idle periods}{subsection.3.3}% 25
\BOOKMARK [3][-]{subsubsection.3.3.7}{Workload profile \0434 - Exponential distribution of Idle periods}{subsection.3.3}% 26
\BOOKMARK [3][-]{subsubsection.3.3.8}{Workload profile \0435 - Tri-Modal distribution of Idle periods}{subsection.3.3}% 27
\BOOKMARK [1][-]{section.4}{Part 2: The History Policy}{}% 28
\BOOKMARK [2][-]{subsection.4.1}{Introduction}{section.4}% 29
\BOOKMARK [2][-]{subsection.4.2}{Case \0431: Timeout Policy w/ Idle state only PSM}{section.4}% 30
\BOOKMARK [3][-]{subsubsection.4.2.1}{The PSM}{subsection.4.2}% 31
\BOOKMARK [2][-]{subsection.4.3}{PWM wave generation}{section.4}% 32
\BOOKMARK [2][-]{subsection.4.4}{LED color switching}{section.4}% 33
\BOOKMARK [2][-]{subsection.4.5}{Flow Diagram for AcquireADCTask}{section.4}% 34
